Determining if the pthread_create exist failed with the following output:
Change Dir: /home/len/Data/Project/Robust_Gymfc/gymfc-master/examples/gymfc_nf/twins/nf1/plugins/build/CMakeFiles/CMakeTmp

Run Build Command:"/usr/bin/make" "cmTC_381c9/fast"
/usr/bin/make -f CMakeFiles/cmTC_381c9.dir/build.make CMakeFiles/cmTC_381c9.dir/build
make[1]: Entering directory '/home/len/Data/Project/Robust_Gymfc/gymfc-master/examples/gymfc_nf/twins/nf1/plugins/build/CMakeFiles/CMakeTmp'
Building C object CMakeFiles/cmTC_381c9.dir/CheckSymbolExists.c.o
/usr/bin/cc    -o CMakeFiles/cmTC_381c9.dir/CheckSymbolExists.c.o   -c /home/len/Data/Project/Robust_Gymfc/gymfc-master/examples/gymfc_nf/twins/nf1/plugins/build/CMakeFiles/CMakeTmp/CheckSymbolExists.c
Linking C executable cmTC_381c9
/usr/bin/cmake -E cmake_link_script CMakeFiles/cmTC_381c9.dir/link.txt --verbose=1
/usr/bin/cc      -rdynamic CMakeFiles/cmTC_381c9.dir/CheckSymbolExists.c.o  -o cmTC_381c9 
CMakeFiles/cmTC_381c9.dir/CheckSymbolExists.c.o: In function `main':
CheckSymbolExists.c:(.text+0x1b): undefined reference to `pthread_create'
collect2: error: ld returned 1 exit status
CMakeFiles/cmTC_381c9.dir/build.make:97: recipe for target 'cmTC_381c9' failed
make[1]: *** [cmTC_381c9] Error 1
make[1]: Leaving directory '/home/len/Data/Project/Robust_Gymfc/gymfc-master/examples/gymfc_nf/twins/nf1/plugins/build/CMakeFiles/CMakeTmp'
Makefile:126: recipe for target 'cmTC_381c9/fast' failed
make: *** [cmTC_381c9/fast] Error 2

File /home/len/Data/Project/Robust_Gymfc/gymfc-master/examples/gymfc_nf/twins/nf1/plugins/build/CMakeFiles/CMakeTmp/CheckSymbolExists.c:
/* */
#include <pthread.h>

int main(int argc, char** argv)
{
  (void)argv;
#ifndef pthread_create
  return ((int*)(&pthread_create))[argc];
#else
  (void)argc;
  return 0;
#endif
}

Determining if the function pthread_create exists in the pthreads failed with the following output:
Change Dir: /home/len/Data/Project/Robust_Gymfc/gymfc-master/examples/gymfc_nf/twins/nf1/plugins/build/CMakeFiles/CMakeTmp

Run Build Command:"/usr/bin/make" "cmTC_8a7cc/fast"
/usr/bin/make -f CMakeFiles/cmTC_8a7cc.dir/build.make CMakeFiles/cmTC_8a7cc.dir/build
make[1]: Entering directory '/home/len/Data/Project/Robust_Gymfc/gymfc-master/examples/gymfc_nf/twins/nf1/plugins/build/CMakeFiles/CMakeTmp'
Building C object CMakeFiles/cmTC_8a7cc.dir/CheckFunctionExists.c.o
/usr/bin/cc   -DCHECK_FUNCTION_EXISTS=pthread_create   -o CMakeFiles/cmTC_8a7cc.dir/CheckFunctionExists.c.o   -c /usr/share/cmake-3.10/Modules/CheckFunctionExists.c
Linking C executable cmTC_8a7cc
/usr/bin/cmake -E cmake_link_script CMakeFiles/cmTC_8a7cc.dir/link.txt --verbose=1
/usr/bin/cc  -DCHECK_FUNCTION_EXISTS=pthread_create    -rdynamic CMakeFiles/cmTC_8a7cc.dir/CheckFunctionExists.c.o  -o cmTC_8a7cc -lpthreads 
/usr/bin/ld: cannot find -lpthreads
collect2: error: ld returned 1 exit status
CMakeFiles/cmTC_8a7cc.dir/build.make:97: recipe for target 'cmTC_8a7cc' failed
make[1]: *** [cmTC_8a7cc] Error 1
make[1]: Leaving directory '/home/len/Data/Project/Robust_Gymfc/gymfc-master/examples/gymfc_nf/twins/nf1/plugins/build/CMakeFiles/CMakeTmp'
Makefile:126: recipe for target 'cmTC_8a7cc/fast' failed
make: *** [cmTC_8a7cc/fast] Error 2


